<?xml version="1.0" encoding="UTF-8"?>
<!-- Generated by org.testng.reporters.JUnitReportReporter -->
<testsuite hostname="Rushi" failures="0" tests="3" name="testcase.firsttestfw" time="52.117" errors="0" timestamp="2024-08-18T10:34:45 IST" skipped="0">
  <testcase classname="testcase.firsttestfw" name="testZohoSignIn" time="22.662"/>
  <testcase classname="testcase.firsttestfw" name="testZohoSignIn" time="11.477"/>
  <testcase classname="testcase.firsttestfw" name="testZohoSignIn" time="17.978"/>
</testsuite> <!-- testcase.firsttestfw -->
