<?xml version="1.0" encoding="UTF-8"?>
<!-- Generated by org.testng.reporters.JUnitReportReporter -->
<testsuite hostname="Rushi" failures="0" tests="1" name="testcase.firsttestfw" time="152.331" errors="0" timestamp="2024-08-16T16:56:08 IST" skipped="0">
  <testcase classname="testcase.firsttestfw" name="testZohoSignIn" time="152.331"/>
  <system-out/>
</testsuite> <!-- testcase.firsttestfw -->
