<?xml version="1.0" encoding="UTF-8"?>
<!-- Generated by org.testng.reporters.JUnitReportReporter -->
<testsuite hostname="Rushi" failures="0" tests="1" name="testcases.FlipkartTest" time="15.996" errors="0" timestamp="2024-08-20T10:22:14 IST" skipped="0">
  <testcase classname="testcases.FlipkartTest" name="testAddToCart" time="15.996"/>
  <system-out/>
</testsuite> <!-- testcases.FlipkartTest -->
